<?xml version="1.0" encoding="UTF-8" standalone="yes"?><!DOCTYPE report PUBLIC "-//JACOCO//DTD Report 1.1//EN" "report.dtd"><report name="roman-number"><sessioninfo id="PC-DI-ANDREA-f7e4cec2" start="1777996505021" dump="1777996505323"/><sessioninfo id="PC-DI-ANDREA-e1691534" start="1777996603010" dump="1777996603321"/><sessioninfo id="PC-DI-ANDREA-2fd22c1" start="1777996944662" dump="1777996944971"/><sessioninfo id="PC-DI-ANDREA-3f5e944" start="1777997016728" dump="1777997017022"/><sessioninfo id="PCFissoVigolo-d3cd48dd" start="1778224831841" dump="1778224832290"/><sessioninfo id="PCFissoVigolo-c5fa5953" start="1778225645141" dump="1778225645558"/><sessioninfo id="PCFissoVigolo-c9e7c5f7" start="1778225813031" dump="1778225813447"/><sessioninfo id="PCFissoVigolo-254b37af" start="1778226876514" dump="1778226876926"/><sessioninfo id="PCFissoVigolo-170b925c" start="1778226996567" dump="1778226996990"/><sessioninfo id="PCFissoVigolo-51b89e30" start="1778227014797" dump="1778227015224"/><sessioninfo id="PCFissoVigolo-fed0efa0" start="1778227341591" dump="1778227342008"/><sessioninfo id="PC-DI-ANDREA-28de633e" start="1778241711113" dump="1778241711411"/><sessioninfo id="PC-DI-ANDREA-7a218bfc" start="1778241738656" dump="1778241738953"/><package name="it/unipd/mtss"><class name="it/unipd/mtss/IntegerToRoman" sourcefilename="IntegerToRoman.java"><method name="&lt;init&gt;" desc="()V" line="7"><counter type="INSTRUCTION" missed="3" covered="0"/><counter type="LINE" missed="1" covered="0"/><counter type="COMPLEXITY" missed="1" covered="0"/><counter type="METHOD" missed="1" covered="0"/></method><method name="convert" desc="(I)Ljava/lang/String;" line="9"><counter type="INSTRUCTION" missed="0" covered="151"/><counter type="BRANCH" missed="0" covered="8"/><counter type="LINE" missed="0" covered="10"/><counter type="COMPLEXITY" missed="0" covered="5"/><counter type="METHOD" missed="0" covered="1"/></method><counter type="INSTRUCTION" missed="3" covered="151"/><counter type="BRANCH" missed="0" covered="8"/><counter type="LINE" missed="1" covered="10"/><counter type="COMPLEXITY" missed="1" covered="5"/><counter type="METHOD" missed="1" covered="1"/><counter type="CLASS" missed="0" covered="1"/></class><class name="it/unipd/mtss/RomanPrinter" sourcefilename="RomanPrinter.java"><method name="print" desc="(I)Ljava/lang/String;" line="81"><counter type="INSTRUCTION" missed="0" covered="4"/><counter type="LINE" missed="0" covered="1"/><counter type="COMPLEXITY" missed="0" covered="1"/><counter type="METHOD" missed="0" covered="1"/></method><method name="printAsciiArt" desc="(Ljava/lang/String;)Ljava/lang/String;" line="85"><counter type="INSTRUCTION" missed="0" covered="44"/><counter type="BRANCH" missed="0" covered="6"/><counter type="LINE" missed="0" covered="8"/><counter type="COMPLEXITY" missed="0" covered="4"/><counter type="METHOD" missed="0" covered="1"/></method><method name="getLine" desc="(CI)Ljava/lang/String;" line="102"><counter type="INSTRUCTION" missed="10" covered="22"/><counter type="BRANCH" missed="3" covered="5"/><counter type="LINE" missed="3" covered="6"/><counter type="COMPLEXITY" missed="3" covered="5"/><counter type="METHOD" missed="0" covered="1"/></method><method name="&lt;clinit&gt;" desc="()V" line="13"><counter type="INSTRUCTION" missed="0" covered="190"/><counter type="LINE" missed="0" covered="7"/><counter type="COMPLEXITY" missed="0" covered="1"/><counter type="METHOD" missed="0" covered="1"/></method><counter type="INSTRUCTION" missed="10" covered="260"/><counter type="BRANCH" missed="3" covered="11"/><counter type="LINE" missed="3" covered="22"/><counter type="COMPLEXITY" missed="3" covered="11"/><counter type="METHOD" missed="0" covered="4"/><counter type="CLASS" missed="0" covered="1"/></class><sourcefile name="RomanPrinter.java"><line nr="13" mi="0" ci="27" mb="0" cb="0"/><line nr="22" mi="0" ci="27" mb="0" cb="0"/><line nr="31" mi="0" ci="27" mb="0" cb="0"/><line nr="40" mi="0" ci="27" mb="0" cb="0"/><line nr="49" mi="0" ci="27" mb="0" cb="0"/><line nr="58" mi="0" ci="27" mb="0" cb="0"/><line nr="67" mi="0" ci="28" mb="0" cb="0"/><line nr="81" mi="0" ci="4" mb="0" cb="0"/><line nr="85" mi="0" ci="4" mb="0" cb="0"/><line nr="87" mi="0" ci="7" mb="0" cb="2"/><line nr="88" mi="0" ci="8" mb="0" cb="2"/><line nr="89" mi="0" ci="8" mb="0" cb="0"/><line nr="91" mi="0" ci="6" mb="0" cb="2"/><line nr="92" mi="0" ci="4" mb="0" cb="0"/><line nr="95" mi="0" ci="4" mb="0" cb="0"/><line nr="98" mi="0" ci="3" mb="0" cb="0"/><line nr="102" mi="0" ci="2" mb="3" cb="5"/><line nr="103" mi="0" ci="4" mb="0" cb="0"/><line nr="104" mi="0" ci="4" mb="0" cb="0"/><line nr="105" mi="0" ci="4" mb="0" cb="0"/><line nr="106" mi="0" ci="4" mb="0" cb="0"/><line nr="107" mi="0" ci="4" mb="0" cb="0"/><line nr="108" mi="4" ci="0" mb="0" cb="0"/><line nr="109" mi="4" ci="0" mb="0" cb="0"/><line nr="110" mi="2" ci="0" mb="0" cb="0"/><counter type="INSTRUCTION" missed="10" covered="260"/><counter type="BRANCH" missed="3" covered="11"/><counter type="LINE" missed="3" covered="22"/><counter type="COMPLEXITY" missed="3" covered="11"/><counter type="METHOD" missed="0" covered="4"/><counter type="CLASS" missed="0" covered="1"/></sourcefile><sourcefile name="IntegerToRoman.java"><line nr="7" mi="3" ci="0" mb="0" cb="0"/><line nr="9" mi="0" ci="6" mb="0" cb="4"/><line nr="10" mi="0" ci="5" mb="0" cb="0"/><line nr="12" mi="0" ci="55" mb="0" cb="0"/><line nr="13" mi="0" ci="55" mb="0" cb="0"/><line nr="14" mi="0" ci="2" mb="0" cb="0"/><line nr="15" mi="0" ci="8" mb="0" cb="2"/><line nr="16" mi="0" ci="5" mb="0" cb="2"/><line nr="17" mi="0" ci="6" mb="0" cb="0"/><line nr="18" mi="0" ci="7" mb="0" cb="0"/><line nr="21" mi="0" ci="2" mb="0" cb="0"/><counter type="INSTRUCTION" missed="3" covered="151"/><counter type="BRANCH" missed="0" covered="8"/><counter type="LINE" missed="1" covered="10"/><counter type="COMPLEXITY" missed="1" covered="5"/><counter type="METHOD" missed="1" covered="1"/><counter type="CLASS" missed="0" covered="1"/></sourcefile><counter type="INSTRUCTION" missed="13" covered="411"/><counter type="BRANCH" missed="3" covered="19"/><counter type="LINE" missed="4" covered="32"/><counter type="COMPLEXITY" missed="4" covered="16"/><counter type="METHOD" missed="1" covered="5"/><counter type="CLASS" missed="0" covered="2"/></package><counter type="INSTRUCTION" missed="13" covered="411"/><counter type="BRANCH" missed="3" covered="19"/><counter type="LINE" missed="4" covered="32"/><counter type="COMPLEXITY" missed="4" covered="16"/><counter type="METHOD" missed="1" covered="5"/><counter type="CLASS" missed="0" covered="2"/></report>